<?xml version="1.0" encoding="UTF-8"?>
<!-- Generated by org.testng.reporters.JUnitXMLReporter -->
<testsuite hostname="Artium-PC" ignored="0" name="Sanity2" tests="1" failures="1" timestamp="08 Jun 2019 15:51:31 GMT" time="10.12" errors="0">
  <testcase name="_003_searchProductNegativeTest" time="9.66" classname="com.next.proj.nextG_proj.tests.SearchProductNegativeTest">
    <failure type="java.lang.AssertionError" message="The result found does not match the query! Sunglasses&amp;apos; expected [true] but found [false]">
      <![CDATA[java.lang.AssertionError: The result found does not match the query! Sunglasses' expected [true] but found [false]
at com.next.proj.nextG_proj.infra.utils.AssertUtils.assertTrue(AssertUtils.java:40)
at com.next.proj.nextG_proj.infra.utils.AssertUtils.assertTrue(AssertUtils.java:35)
at com.next.proj.nextG_proj.tests.SearchProductNegativeTest._003_searchProductNegativeTest(SearchProductNegativeTest.java:46)
... Removed 28 stack frames]]>
    </failure>
  </testcase> <!-- _003_searchProductNegativeTest -->
</testsuite> <!-- Sanity2 -->
